<?xml version="1.0" encoding="UTF-8"?>
<testsuites name="Mocha Tests" time="28.097" tests="3" failures="0">
  <testsuite name="Root Suite" timestamp="2017-12-11T12:24:57" tests="0" failures="0" time="0">
  </testsuite>
  <testsuite name="code validation from grunt" timestamp="2017-12-11T12:24:57" tests="3" file="C:\Users\I336151\Desktop\devx-grunt\test\testSpec.js" failures="0" time="28.097">
    <testcase name="code validation from grunt check webapp build" time="2.394" classname="check webapp build">
    </testcase>
    <testcase name="code validation from grunt check webcontent build" time="6.255" classname="check webcontent build">
    </testcase>
    <testcase name="code validation from grunt check build components.js on root" time="19.448" classname="check build components.js on root">
    </testcase>
  </testsuite>
</testsuites>